Analysis & Synthesis report for contador_temp
Sun Apr 08 19:59:30 2018
Quartus II 64-Bit Version 13.1.0 Build 162 10/23/2013 SJ Web Edition


---------------------
; Table of Contents ;
---------------------
  1. Legal Notice
  2. Analysis & Synthesis Summary
  3. Analysis & Synthesis Settings
  4. Parallel Compilation
  5. Analysis & Synthesis IP Cores Summary
  6. Parameter Settings for User Entity Instance: lpm_counter0:inst|lpm_counter:LPM_COUNTER_component
  7. Elapsed Time Per Partition
  8. Analysis & Synthesis Messages



----------------
; Legal Notice ;
----------------
Copyright (C) 1991-2013 Altera Corporation
Your use of Altera Corporation's design tools, logic functions 
and other software and tools, and its AMPP partner logic 
functions, and any output files from any of the foregoing 
(including device programming or simulation files), and any 
associated documentation or information are expressly subject 
to the terms and conditions of the Altera Program License 
Subscription Agreement, Altera MegaCore Function License 
Agreement, or other applicable license agreement, including, 
without limitation, that your use is for the sole purpose of 
programming logic devices manufactured by Altera and sold by 
Altera or its authorized distributors.  Please refer to the 
applicable agreement for further details.



+---------------------------------------------------------------------------------+
; Analysis & Synthesis Summary                                                    ;
+------------------------------------+--------------------------------------------+
; Analysis & Synthesis Status        ; Failed - Sun Apr 08 19:59:30 2018          ;
; Quartus II 64-Bit Version          ; 13.1.0 Build 162 10/23/2013 SJ Web Edition ;
; Revision Name                      ; contador_temp                              ;
; Top-level Entity Name              ; contador_temp                              ;
; Family                             ; Cyclone IV GX                              ;
; Total logic elements               ; N/A until Partition Merge                  ;
;     Total combinational functions  ; N/A until Partition Merge                  ;
;     Dedicated logic registers      ; N/A until Partition Merge                  ;
; Total registers                    ; N/A until Partition Merge                  ;
; Total pins                         ; N/A until Partition Merge                  ;
; Total virtual pins                 ; N/A until Partition Merge                  ;
; Total memory bits                  ; N/A until Partition Merge                  ;
; Embedded Multiplier 9-bit elements ; N/A until Partition Merge                  ;
; Total GXB Receiver Channel PCS     ; N/A until Partition Merge                  ;
; Total GXB Receiver Channel PMA     ; N/A until Partition Merge                  ;
; Total GXB Transmitter Channel PCS  ; N/A until Partition Merge                  ;
; Total GXB Transmitter Channel PMA  ; N/A until Partition Merge                  ;
; Total PLLs                         ; N/A until Partition Merge                  ;
+------------------------------------+--------------------------------------------+


+----------------------------------------------------------------------------------------------------------------------+
; Analysis & Synthesis Settings                                                                                        ;
+----------------------------------------------------------------------------+--------------------+--------------------+
; Option                                                                     ; Setting            ; Default Value      ;
+----------------------------------------------------------------------------+--------------------+--------------------+
; Top-level entity name                                                      ; contador_temp      ; contador_temp      ;
; Family name                                                                ; Cyclone IV GX      ; Cyclone IV GX      ;
; Use smart compilation                                                      ; Off                ; Off                ;
; Enable parallel Assembler and TimeQuest Timing Analyzer during compilation ; On                 ; On                 ;
; Enable compact report table                                                ; Off                ; Off                ;
; Restructure Multiplexers                                                   ; Auto               ; Auto               ;
; Create Debugging Nodes for IP Cores                                        ; Off                ; Off                ;
; Preserve fewer node names                                                  ; On                 ; On                 ;
; Disable OpenCore Plus hardware evaluation                                  ; Off                ; Off                ;
; Verilog Version                                                            ; Verilog_2001       ; Verilog_2001       ;
; VHDL Version                                                               ; VHDL_1993          ; VHDL_1993          ;
; State Machine Processing                                                   ; Auto               ; Auto               ;
; Safe State Machine                                                         ; Off                ; Off                ;
; Extract Verilog State Machines                                             ; On                 ; On                 ;
; Extract VHDL State Machines                                                ; On                 ; On                 ;
; Ignore Verilog initial constructs                                          ; Off                ; Off                ;
; Iteration limit for constant Verilog loops                                 ; 5000               ; 5000               ;
; Iteration limit for non-constant Verilog loops                             ; 250                ; 250                ;
; Add Pass-Through Logic to Inferred RAMs                                    ; On                 ; On                 ;
; Infer RAMs from Raw Logic                                                  ; On                 ; On                 ;
; Parallel Synthesis                                                         ; On                 ; On                 ;
; DSP Block Balancing                                                        ; Auto               ; Auto               ;
; NOT Gate Push-Back                                                         ; On                 ; On                 ;
; Power-Up Don't Care                                                        ; On                 ; On                 ;
; Remove Redundant Logic Cells                                               ; Off                ; Off                ;
; Remove Duplicate Registers                                                 ; On                 ; On                 ;
; Ignore CARRY Buffers                                                       ; Off                ; Off                ;
; Ignore CASCADE Buffers                                                     ; Off                ; Off                ;
; Ignore GLOBAL Buffers                                                      ; Off                ; Off                ;
; Ignore ROW GLOBAL Buffers                                                  ; Off                ; Off                ;
; Ignore LCELL Buffers                                                       ; Off                ; Off                ;
; Ignore SOFT Buffers                                                        ; On                 ; On                 ;
; Limit AHDL Integers to 32 Bits                                             ; Off                ; Off                ;
; Optimization Technique                                                     ; Balanced           ; Balanced           ;
; Carry Chain Length                                                         ; 70                 ; 70                 ;
; Auto Carry Chains                                                          ; On                 ; On                 ;
; Auto Open-Drain Pins                                                       ; On                 ; On                 ;
; Perform WYSIWYG Primitive Resynthesis                                      ; Off                ; Off                ;
; Auto ROM Replacement                                                       ; On                 ; On                 ;
; Auto RAM Replacement                                                       ; On                 ; On                 ;
; Auto DSP Block Replacement                                                 ; On                 ; On                 ;
; Auto Shift Register Replacement                                            ; Auto               ; Auto               ;
; Allow Shift Register Merging across Hierarchies                            ; Auto               ; Auto               ;
; Auto Clock Enable Replacement                                              ; On                 ; On                 ;
; Strict RAM Replacement                                                     ; Off                ; Off                ;
; Allow Synchronous Control Signals                                          ; On                 ; On                 ;
; Force Use of Synchronous Clear Signals                                     ; Off                ; Off                ;
; Auto RAM Block Balancing                                                   ; On                 ; On                 ;
; Auto RAM to Logic Cell Conversion                                          ; Off                ; Off                ;
; Auto Resource Sharing                                                      ; Off                ; Off                ;
; Allow Any RAM Size For Recognition                                         ; Off                ; Off                ;
; Allow Any ROM Size For Recognition                                         ; Off                ; Off                ;
; Allow Any Shift Register Size For Recognition                              ; Off                ; Off                ;
; Use LogicLock Constraints during Resource Balancing                        ; On                 ; On                 ;
; Ignore translate_off and synthesis_off directives                          ; Off                ; Off                ;
; Timing-Driven Synthesis                                                    ; On                 ; On                 ;
; Report Parameter Settings                                                  ; On                 ; On                 ;
; Report Source Assignments                                                  ; On                 ; On                 ;
; Report Connectivity Checks                                                 ; On                 ; On                 ;
; Ignore Maximum Fan-Out Assignments                                         ; Off                ; Off                ;
; Synchronization Register Chain Length                                      ; 2                  ; 2                  ;
; PowerPlay Power Optimization                                               ; Normal compilation ; Normal compilation ;
; HDL message level                                                          ; Level2             ; Level2             ;
; Suppress Register Optimization Related Messages                            ; Off                ; Off                ;
; Number of Removed Registers Reported in Synthesis Report                   ; 5000               ; 5000               ;
; Number of Swept Nodes Reported in Synthesis Report                         ; 5000               ; 5000               ;
; Number of Inverted Registers Reported in Synthesis Report                  ; 100                ; 100                ;
; Clock MUX Protection                                                       ; On                 ; On                 ;
; Auto Gated Clock Conversion                                                ; Off                ; Off                ;
; Block Design Naming                                                        ; Auto               ; Auto               ;
; SDC constraint protection                                                  ; Off                ; Off                ;
; Synthesis Effort                                                           ; Auto               ; Auto               ;
; Shift Register Replacement - Allow Asynchronous Clear Signal               ; On                 ; On                 ;
; Pre-Mapping Resynthesis Optimization                                       ; Off                ; Off                ;
; Analysis & Synthesis Message Level                                         ; Medium             ; Medium             ;
; Disable Register Merging Across Hierarchies                                ; Auto               ; Auto               ;
; Resource Aware Inference For Block RAM                                     ; On                 ; On                 ;
; Synthesis Seed                                                             ; 1                  ; 1                  ;
+----------------------------------------------------------------------------+--------------------+--------------------+


Parallel compilation was disabled, but you have multiple processors available. Enable parallel compilation to reduce compilation time.
+-------------------------------------+
; Parallel Compilation                ;
+----------------------------+--------+
; Processors                 ; Number ;
+----------------------------+--------+
; Number detected on machine ; 4      ;
; Maximum allowed            ; 1      ;
+----------------------------+--------+


+-------------------------------------------------------------------------------------------------------------------------------------------------------------------------+
; Analysis & Synthesis IP Cores Summary                                                                                                                                   ;
+--------+--------------+---------+--------------+--------------+----------------------------------+----------------------------------------------------------------------+
; Vendor ; IP Core Name ; Version ; Release Date ; License Type ; Entity Instance                  ; IP Include File                                                      ;
+--------+--------------+---------+--------------+--------------+----------------------------------+----------------------------------------------------------------------+
; Altera ; LPM_COUNTER  ; 13.1    ; N/A          ; N/A          ; |contador_temp|lpm_counter0:inst ; D:/guilherme/GitHub/maquinadelavar/1.2_temporizador/lpm_counter0.vhd ;
+--------+--------------+---------+--------------+--------------+----------------------------------+----------------------------------------------------------------------+


+--------------------------------------------------------------------------------------------------+
; Parameter Settings for User Entity Instance: lpm_counter0:inst|lpm_counter:LPM_COUNTER_component ;
+------------------------+---------------+---------------------------------------------------------+
; Parameter Name         ; Value         ; Type                                                    ;
+------------------------+---------------+---------------------------------------------------------+
; AUTO_CARRY_CHAINS      ; ON            ; AUTO_CARRY                                              ;
; IGNORE_CARRY_BUFFERS   ; OFF           ; IGNORE_CARRY                                            ;
; AUTO_CASCADE_CHAINS    ; ON            ; AUTO_CASCADE                                            ;
; IGNORE_CASCADE_BUFFERS ; OFF           ; IGNORE_CASCADE                                          ;
; LPM_WIDTH              ; 4             ; Signed Integer                                          ;
; LPM_DIRECTION          ; UP            ; Untyped                                                 ;
; LPM_MODULUS            ; 10            ; Signed Integer                                          ;
; LPM_AVALUE             ; UNUSED        ; Untyped                                                 ;
; LPM_SVALUE             ; UNUSED        ; Untyped                                                 ;
; LPM_PORT_UPDOWN        ; PORT_UNUSED   ; Untyped                                                 ;
; DEVICE_FAMILY          ; Cyclone IV GX ; Untyped                                                 ;
; CARRY_CHAIN            ; MANUAL        ; Untyped                                                 ;
; CARRY_CHAIN_LENGTH     ; 48            ; CARRY_CHAIN_LENGTH                                      ;
; NOT_GATE_PUSH_BACK     ; ON            ; NOT_GATE_PUSH_BACK                                      ;
; CARRY_CNT_EN           ; SMART         ; Untyped                                                 ;
; LABWIDE_SCLR           ; ON            ; Untyped                                                 ;
; USE_NEW_VERSION        ; TRUE          ; Untyped                                                 ;
; CBXI_PARAMETER         ; cntr_05m      ; Untyped                                                 ;
+------------------------+---------------+---------------------------------------------------------+
Note: In order to hide this table in the UI and the text report file, please set the "Show Parameter Settings in Synthesis Report" option in "Analysis and Synthesis Settings -> More Settings" to "Off".


+-------------------------------+
; Elapsed Time Per Partition    ;
+----------------+--------------+
; Partition Name ; Elapsed Time ;
+----------------+--------------+
; Top            ; 00:00:00     ;
+----------------+--------------+


+-------------------------------+
; Analysis & Synthesis Messages ;
+-------------------------------+
Info: *******************************************************************
Info: Running Quartus II 64-Bit Analysis & Synthesis
    Info: Version 13.1.0 Build 162 10/23/2013 SJ Web Edition
    Info: Processing started: Sun Apr 08 19:59:22 2018
Info: Command: quartus_map --read_settings_files=on --write_settings_files=off contador_temp -c contador_temp
Warning (20028): Parallel compilation is not licensed and has been disabled
Info (12021): Found 2 design units, including 1 entities, in source file lpm_counter0.vhd
    Info (12022): Found design unit 1: lpm_counter0-SYN
    Info (12023): Found entity 1: lpm_counter0
Info (12021): Found 1 design units, including 1 entities, in source file contador_temp.bdf
    Info (12023): Found entity 1: contador_temp
Info (12127): Elaborating entity "contador_temp" for the top level hierarchy
Info (12128): Elaborating entity "lpm_counter0" for hierarchy "lpm_counter0:inst"
Info (12128): Elaborating entity "lpm_counter" for hierarchy "lpm_counter0:inst|lpm_counter:LPM_COUNTER_component"
Info (12130): Elaborated megafunction instantiation "lpm_counter0:inst|lpm_counter:LPM_COUNTER_component"
Info (12133): Instantiated megafunction "lpm_counter0:inst|lpm_counter:LPM_COUNTER_component" with the following parameter:
    Info (12134): Parameter "lpm_direction" = "UP"
    Info (12134): Parameter "lpm_modulus" = "10"
    Info (12134): Parameter "lpm_port_updown" = "PORT_UNUSED"
    Info (12134): Parameter "lpm_type" = "LPM_COUNTER"
    Info (12134): Parameter "lpm_width" = "4"
Info (12021): Found 1 design units, including 1 entities, in source file db/cntr_05m.tdf
    Info (12023): Found entity 1: cntr_05m
Info (12128): Elaborating entity "cntr_05m" for hierarchy "lpm_counter0:inst|lpm_counter:LPM_COUNTER_component|cntr_05m:auto_generated"
Info (12021): Found 1 design units, including 1 entities, in source file db/cmpr_kkc.tdf
    Info (12023): Found entity 1: cmpr_kkc
Info (12128): Elaborating entity "cmpr_kkc" for hierarchy "lpm_counter0:inst|lpm_counter:LPM_COUNTER_component|cntr_05m:auto_generated|cmpr_kkc:cmpr1"
Error (12061): Can't synthesize current design -- Top partition does not contain any logic
Error: Quartus II 64-Bit Analysis & Synthesis was unsuccessful. 1 error, 1 warning
    Error: Peak virtual memory: 575 megabytes
    Error: Processing ended: Sun Apr 08 19:59:30 2018
    Error: Elapsed time: 00:00:08
    Error: Total CPU time (on all processors): 00:00:04


