Flow report for contador_divfreq
<<<<<<< HEAD
Tue Apr 10 13:13:41 2018
Quartus II 64-Bit Version 13.0.1 Build 232 06/12/2013 Service Pack 1 SJ Web Edition
=======
Tue Apr 10 02:07:49 2018
Quartus II 64-Bit Version 13.1.0 Build 162 10/23/2013 SJ Web Edition
>>>>>>> c9d39e56ec6b5776ff24e7033595ff2e732add2a


---------------------
; Table of Contents ;
---------------------
  1. Legal Notice
  2. Flow Summary
  3. Flow Settings
  4. Flow Non-Default Global Settings
  5. Flow Elapsed Time
  6. Flow OS Summary
  7. Flow Log
  8. Flow Messages
  9. Flow Suppressed Messages



----------------
; Legal Notice ;
----------------
Copyright (C) 1991-2013 Altera Corporation
Your use of Altera Corporation's design tools, logic functions 
and other software and tools, and its AMPP partner logic 
functions, and any output files from any of the foregoing 
(including device programming or simulation files), and any 
associated documentation or information are expressly subject 
to the terms and conditions of the Altera Program License 
Subscription Agreement, Altera MegaCore Function License 
Agreement, or other applicable license agreement, including, 
without limitation, that your use is for the sole purpose of 
programming logic devices manufactured by Altera and sold by 
Altera or its authorized distributors.  Please refer to the 
applicable agreement for further details.



<<<<<<< HEAD
+--------------------------------------------------------------------------------------+
; Flow Summary                                                                         ;
+------------------------------------+-------------------------------------------------+
; Flow Status                        ; Successful - Tue Apr 10 13:13:41 2018           ;
; Quartus II 64-Bit Version          ; 13.0.1 Build 232 06/12/2013 SP 1 SJ Web Edition ;
; Revision Name                      ; contador_divfreq                                ;
; Top-level Entity Name              ; contador_divfreq                                ;
; Family                             ; Cyclone IV GX                                   ;
; Total logic elements               ; 4 / 14,400 ( < 1 % )                            ;
;     Total combinational functions  ; 4 / 14,400 ( < 1 % )                            ;
;     Dedicated logic registers      ; 3 / 14,400 ( < 1 % )                            ;
; Total registers                    ; 3                                               ;
; Total pins                         ; 6 / 81 ( 7 % )                                  ;
; Total virtual pins                 ; 0                                               ;
; Total memory bits                  ; 0 / 552,960 ( 0 % )                             ;
; Embedded Multiplier 9-bit elements ; 0                                               ;
; Total GXB Receiver Channel PCS     ; 0 / 2 ( 0 % )                                   ;
; Total GXB Receiver Channel PMA     ; 0 / 2 ( 0 % )                                   ;
; Total GXB Transmitter Channel PCS  ; 0 / 2 ( 0 % )                                   ;
; Total GXB Transmitter Channel PMA  ; 0 / 2 ( 0 % )                                   ;
; Total PLLs                         ; 0 / 3 ( 0 % )                                   ;
; Device                             ; EP4CGX15BF14C6                                  ;
; Timing Models                      ; Final                                           ;
+------------------------------------+-------------------------------------------------+
=======
+---------------------------------------------------------------------------------+
; Flow Summary                                                                    ;
+------------------------------------+--------------------------------------------+
; Flow Status                        ; Successful - Tue Apr 10 02:07:49 2018      ;
; Quartus II 64-Bit Version          ; 13.1.0 Build 162 10/23/2013 SJ Web Edition ;
; Revision Name                      ; contador_divfreq                           ;
; Top-level Entity Name              ; contador_divfreq                           ;
; Family                             ; Cyclone IV GX                              ;
; Total logic elements               ; 4 / 14,400 ( < 1 % )                       ;
;     Total combinational functions  ; 4 / 14,400 ( < 1 % )                       ;
;     Dedicated logic registers      ; 3 / 14,400 ( < 1 % )                       ;
; Total registers                    ; 3                                          ;
; Total pins                         ; 6 / 81 ( 7 % )                             ;
; Total virtual pins                 ; 0                                          ;
; Total memory bits                  ; 0 / 552,960 ( 0 % )                        ;
; Embedded Multiplier 9-bit elements ; 0                                          ;
; Total GXB Receiver Channel PCS     ; 0 / 2 ( 0 % )                              ;
; Total GXB Receiver Channel PMA     ; 0 / 2 ( 0 % )                              ;
; Total GXB Transmitter Channel PCS  ; 0 / 2 ( 0 % )                              ;
; Total GXB Transmitter Channel PMA  ; 0 / 2 ( 0 % )                              ;
; Total PLLs                         ; 0 / 3 ( 0 % )                              ;
; Device                             ; EP4CGX15BF14C6                             ;
; Timing Models                      ; Final                                      ;
+------------------------------------+--------------------------------------------+
>>>>>>> c9d39e56ec6b5776ff24e7033595ff2e732add2a


+-----------------------------------------+
; Flow Settings                           ;
+-------------------+---------------------+
; Option            ; Setting             ;
+-------------------+---------------------+
<<<<<<< HEAD
; Start date & time ; 04/10/2018 12:21:13 ;
=======
; Start date & time ; 04/10/2018 02:04:01 ;
>>>>>>> c9d39e56ec6b5776ff24e7033595ff2e732add2a
; Main task         ; Compilation         ;
; Revision Name     ; contador_divfreq    ;
+-------------------+---------------------+


+----------------------------------------------------------------------------------------------------------------------+
; Flow Non-Default Global Settings                                                                                     ;
+-------------------------------------+---------------------------------+---------------+-------------+----------------+
; Assignment Name                     ; Value                           ; Default Value ; Entity Name ; Section Id     ;
+-------------------------------------+---------------------------------+---------------+-------------+----------------+
<<<<<<< HEAD
; COMPILER_SIGNATURE_ID               ; 110073156663442.152337727306376 ; --            ; --          ; --             ;
=======
; COMPILER_SIGNATURE_ID               ; 104220930011948.152334024102516 ; --            ; --          ; --             ;
>>>>>>> c9d39e56ec6b5776ff24e7033595ff2e732add2a
; EDA_GENERATE_FUNCTIONAL_NETLIST     ; On                              ; --            ; --          ; eda_simulation ;
; EDA_OUTPUT_DATA_FORMAT              ; Verilog Hdl                     ; --            ; --          ; eda_simulation ;
; EDA_SIMULATION_TOOL                 ; ModelSim-Altera (Verilog)       ; <None>        ; --          ; --             ;
; PARTITION_COLOR                     ; 16764057                        ; --            ; --          ; Top            ;
; PARTITION_FITTER_PRESERVATION_LEVEL ; PLACEMENT_AND_ROUTING           ; --            ; --          ; Top            ;
; PARTITION_NETLIST_TYPE              ; SOURCE                          ; --            ; --          ; Top            ;
+-------------------------------------+---------------------------------+---------------+-------------+----------------+


+-------------------------------------------------------------------------------------------------------------------------------+
; Flow Elapsed Time                                                                                                             ;
+---------------------------+--------------+-------------------------+---------------------+------------------------------------+
; Module Name               ; Elapsed Time ; Average Processors Used ; Peak Virtual Memory ; Total CPU Time (on all processors) ;
+---------------------------+--------------+-------------------------+---------------------+------------------------------------+
<<<<<<< HEAD
; Analysis & Synthesis      ; 00:00:04     ; 1.0                     ; 556 MB              ; 00:00:02                           ;
; Fitter                    ; 00:00:08     ; 1.0                     ; 760 MB              ; 00:00:06                           ;
; Assembler                 ; 00:00:02     ; 1.0                     ; 473 MB              ; 00:00:01                           ;
; TimeQuest Timing Analyzer ; 00:00:02     ; 1.0                     ; 469 MB              ; 00:00:02                           ;
; EDA Netlist Writer        ; 00:00:01     ; 1.0                     ; 429 MB              ; 00:00:01                           ;
; EDA Netlist Writer        ; 00:00:00     ; 1.0                     ; 437 MB              ; 00:00:01                           ;
; EDA Netlist Writer        ; 00:00:00     ; 1.0                     ; 437 MB              ; 00:00:01                           ;
; EDA Netlist Writer        ; 00:00:01     ; 1.0                     ; 437 MB              ; 00:00:01                           ;
; EDA Netlist Writer        ; 00:00:00     ; 1.0                     ; 437 MB              ; 00:00:01                           ;
; EDA Netlist Writer        ; 00:00:01     ; 1.0                     ; 437 MB              ; 00:00:01                           ;
; EDA Netlist Writer        ; 00:00:01     ; 1.0                     ; 437 MB              ; 00:00:01                           ;
; EDA Netlist Writer        ; 00:00:01     ; 1.0                     ; 437 MB              ; 00:00:01                           ;
; EDA Netlist Writer        ; 00:00:00     ; 1.0                     ; 437 MB              ; 00:00:01                           ;
; EDA Netlist Writer        ; 00:00:01     ; 1.0                     ; 437 MB              ; 00:00:01                           ;
; EDA Netlist Writer        ; 00:00:01     ; 1.0                     ; 437 MB              ; 00:00:01                           ;
; EDA Netlist Writer        ; 00:00:01     ; 1.0                     ; 437 MB              ; 00:00:01                           ;
; EDA Netlist Writer        ; 00:00:01     ; 1.0                     ; 437 MB              ; 00:00:01                           ;
; EDA Netlist Writer        ; 00:00:01     ; 1.0                     ; 437 MB              ; 00:00:01                           ;
; EDA Netlist Writer        ; 00:00:00     ; 1.0                     ; 437 MB              ; 00:00:01                           ;
; EDA Netlist Writer        ; 00:00:00     ; 1.0                     ; 437 MB              ; 00:00:01                           ;
; EDA Netlist Writer        ; 00:00:00     ; 1.0                     ; 437 MB              ; 00:00:01                           ;
; EDA Netlist Writer        ; 00:00:00     ; 1.0                     ; 437 MB              ; 00:00:01                           ;
; EDA Netlist Writer        ; 00:00:01     ; 1.0                     ; 437 MB              ; 00:00:01                           ;
; EDA Netlist Writer        ; 00:00:01     ; 1.0                     ; 437 MB              ; 00:00:01                           ;
; EDA Netlist Writer        ; 00:00:00     ; 1.0                     ; 437 MB              ; 00:00:01                           ;
; EDA Netlist Writer        ; 00:00:01     ; 1.0                     ; 437 MB              ; 00:00:01                           ;
; EDA Netlist Writer        ; 00:00:01     ; 1.0                     ; 437 MB              ; 00:00:01                           ;
; EDA Netlist Writer        ; 00:00:01     ; 1.0                     ; 437 MB              ; 00:00:01                           ;
; EDA Netlist Writer        ; 00:00:00     ; 1.0                     ; 437 MB              ; 00:00:01                           ;
; EDA Netlist Writer        ; 00:00:00     ; 1.0                     ; 437 MB              ; 00:00:01                           ;
; EDA Netlist Writer        ; 00:00:01     ; 1.0                     ; 437 MB              ; 00:00:01                           ;
; EDA Netlist Writer        ; 00:00:01     ; 1.0                     ; 437 MB              ; 00:00:01                           ;
; Total                     ; 00:00:33     ; --                      ; --                  ; 00:00:39                           ;
=======
; Analysis & Synthesis      ; 00:00:11     ; 1.0                     ; 566 MB              ; 00:00:05                           ;
; Fitter                    ; 00:01:14     ; 1.0                     ; 808 MB              ; 00:00:23                           ;
; Assembler                 ; 00:00:14     ; 1.0                     ; 495 MB              ; 00:00:04                           ;
; TimeQuest Timing Analyzer ; 00:00:12     ; 1.0                     ; 481 MB              ; 00:00:08                           ;
; EDA Netlist Writer        ; 00:00:03     ; 1.0                     ; 446 MB              ; 00:00:02                           ;
; EDA Netlist Writer        ; 00:00:03     ; 1.0                     ; 458 MB              ; 00:00:02                           ;
; EDA Netlist Writer        ; 00:00:02     ; 1.0                     ; 458 MB              ; 00:00:01                           ;
; EDA Netlist Writer        ; 00:00:01     ; 1.0                     ; 458 MB              ; 00:00:01                           ;
; Total                     ; 00:02:00     ; --                      ; --                  ; 00:00:46                           ;
>>>>>>> c9d39e56ec6b5776ff24e7033595ff2e732add2a
+---------------------------+--------------+-------------------------+---------------------+------------------------------------+


+----------------------------------------------------------------------------------------+
; Flow OS Summary                                                                        ;
+---------------------------+------------------+-----------+------------+----------------+
; Module Name               ; Machine Hostname ; OS Name   ; OS Version ; Processor type ;
+---------------------------+------------------+-----------+------------+----------------+
<<<<<<< HEAD
; Analysis & Synthesis      ; GRCM04           ; Windows 7 ; 6.2        ; x86_64         ;
; Fitter                    ; GRCM04           ; Windows 7 ; 6.2        ; x86_64         ;
; Assembler                 ; GRCM04           ; Windows 7 ; 6.2        ; x86_64         ;
; TimeQuest Timing Analyzer ; GRCM04           ; Windows 7 ; 6.2        ; x86_64         ;
; EDA Netlist Writer        ; GRCM04           ; Windows 7 ; 6.2        ; x86_64         ;
; EDA Netlist Writer        ; GRCM04           ; Windows 7 ; 6.2        ; x86_64         ;
; EDA Netlist Writer        ; GRCM04           ; Windows 7 ; 6.2        ; x86_64         ;
; EDA Netlist Writer        ; GRCM04           ; Windows 7 ; 6.2        ; x86_64         ;
; EDA Netlist Writer        ; GRCM04           ; Windows 7 ; 6.2        ; x86_64         ;
; EDA Netlist Writer        ; GRCM04           ; Windows 7 ; 6.2        ; x86_64         ;
; EDA Netlist Writer        ; GRCM04           ; Windows 7 ; 6.2        ; x86_64         ;
; EDA Netlist Writer        ; GRCM04           ; Windows 7 ; 6.2        ; x86_64         ;
; EDA Netlist Writer        ; GRCM04           ; Windows 7 ; 6.2        ; x86_64         ;
; EDA Netlist Writer        ; GRCM04           ; Windows 7 ; 6.2        ; x86_64         ;
; EDA Netlist Writer        ; GRCM04           ; Windows 7 ; 6.2        ; x86_64         ;
; EDA Netlist Writer        ; GRCM04           ; Windows 7 ; 6.2        ; x86_64         ;
; EDA Netlist Writer        ; GRCM04           ; Windows 7 ; 6.2        ; x86_64         ;
; EDA Netlist Writer        ; GRCM04           ; Windows 7 ; 6.2        ; x86_64         ;
; EDA Netlist Writer        ; GRCM04           ; Windows 7 ; 6.2        ; x86_64         ;
; EDA Netlist Writer        ; GRCM04           ; Windows 7 ; 6.2        ; x86_64         ;
; EDA Netlist Writer        ; GRCM04           ; Windows 7 ; 6.2        ; x86_64         ;
; EDA Netlist Writer        ; GRCM04           ; Windows 7 ; 6.2        ; x86_64         ;
; EDA Netlist Writer        ; GRCM04           ; Windows 7 ; 6.2        ; x86_64         ;
; EDA Netlist Writer        ; GRCM04           ; Windows 7 ; 6.2        ; x86_64         ;
; EDA Netlist Writer        ; GRCM04           ; Windows 7 ; 6.2        ; x86_64         ;
; EDA Netlist Writer        ; GRCM04           ; Windows 7 ; 6.2        ; x86_64         ;
; EDA Netlist Writer        ; GRCM04           ; Windows 7 ; 6.2        ; x86_64         ;
; EDA Netlist Writer        ; GRCM04           ; Windows 7 ; 6.2        ; x86_64         ;
; EDA Netlist Writer        ; GRCM04           ; Windows 7 ; 6.2        ; x86_64         ;
; EDA Netlist Writer        ; GRCM04           ; Windows 7 ; 6.2        ; x86_64         ;
; EDA Netlist Writer        ; GRCM04           ; Windows 7 ; 6.2        ; x86_64         ;
; EDA Netlist Writer        ; GRCM04           ; Windows 7 ; 6.2        ; x86_64         ;
=======
; Analysis & Synthesis      ; Guilherme        ; Windows 7 ; 6.2        ; x86_64         ;
; Fitter                    ; Guilherme        ; Windows 7 ; 6.2        ; x86_64         ;
; Assembler                 ; Guilherme        ; Windows 7 ; 6.2        ; x86_64         ;
; TimeQuest Timing Analyzer ; Guilherme        ; Windows 7 ; 6.2        ; x86_64         ;
; EDA Netlist Writer        ; Guilherme        ; Windows 7 ; 6.2        ; x86_64         ;
; EDA Netlist Writer        ; Guilherme        ; Windows 7 ; 6.2        ; x86_64         ;
; EDA Netlist Writer        ; Guilherme        ; Windows 7 ; 6.2        ; x86_64         ;
; EDA Netlist Writer        ; Guilherme        ; Windows 7 ; 6.2        ; x86_64         ;
>>>>>>> c9d39e56ec6b5776ff24e7033595ff2e732add2a
+---------------------------+------------------+-----------+------------+----------------+


------------
; Flow Log ;
------------
quartus_map --read_settings_files=on --write_settings_files=off contador_divfreq -c contador_divfreq
quartus_fit --read_settings_files=off --write_settings_files=off contador_divfreq -c contador_divfreq
quartus_asm --read_settings_files=off --write_settings_files=off contador_divfreq -c contador_divfreq
quartus_sta contador_divfreq -c contador_divfreq
quartus_eda --read_settings_files=off --write_settings_files=off contador_divfreq -c contador_divfreq
<<<<<<< HEAD
quartus_eda --gen_testbench --check_outputs=on --tool=modelsim_oem --format=verilog contador_divfreq -c contador_divfreq --vector_source=C:/Users/grcm/Documents/GitHub/maquinadelavar/1.4_ligadesliga/divfreq.vwf --testbench_file=./simulation/qsim/contador_divfreq.vt
quartus_eda --functional=on --simulation=on --tool=modelsim_oem --format=verilog contador_divfreq -c contador_divfreq
quartus_eda --gen_testbench --check_outputs=on --tool=modelsim_oem --format=verilog contador_divfreq -c contador_divfreq --vector_source=C:/Users/grcm/Documents/GitHub/maquinadelavar/1.4_ligadesliga/divfreq.vwf --testbench_file=./simulation/qsim/contador_divfreq.vt
quartus_eda --functional=on --simulation=on --tool=modelsim_oem --format=verilog contador_divfreq -c contador_divfreq
quartus_eda --gen_testbench --check_outputs=on --tool=modelsim_oem --format=verilog contador_divfreq -c contador_divfreq --vector_source=C:/Users/grcm/Documents/GitHub/maquinadelavar/1.4_ligadesliga/divfreq.vwf --testbench_file=./simulation/qsim/contador_divfreq.vt
quartus_eda --functional=on --simulation=on --tool=modelsim_oem --format=verilog contador_divfreq -c contador_divfreq
quartus_eda --gen_testbench --check_outputs=on --tool=modelsim_oem --format=verilog contador_divfreq -c contador_divfreq --vector_source=C:/Users/grcm/Documents/GitHub/maquinadelavar/1.4_ligadesliga/divfreq.vwf --testbench_file=./simulation/qsim/contador_divfreq.vt
quartus_eda --functional=on --simulation=on --tool=modelsim_oem --format=verilog contador_divfreq -c contador_divfreq
quartus_eda --gen_testbench --check_outputs=on --tool=modelsim_oem --format=verilog contador_divfreq -c contador_divfreq --vector_source=C:/Users/grcm/Documents/GitHub/maquinadelavar/1.4_ligadesliga/divfreq.vwf --testbench_file=./simulation/qsim/contador_divfreq.vt
quartus_eda --functional=on --simulation=on --tool=modelsim_oem --format=verilog contador_divfreq -c contador_divfreq
quartus_eda --gen_testbench --check_outputs=on --tool=modelsim_oem --format=verilog contador_divfreq -c contador_divfreq --vector_source=C:/Users/grcm/Documents/GitHub/maquinadelavar/1.4_ligadesliga/divfreq.vwf --testbench_file=./simulation/qsim/contador_divfreq.vt
quartus_eda --gen_testbench --check_outputs=on --tool=modelsim_oem --format=verilog contador_divfreq -c contador_divfreq --vector_source=C:/Users/grcm/Documents/GitHub/maquinadelavar/1.4_ligadesliga/divfreq.vwf --testbench_file=./simulation/qsim/contador_divfreq.vt
quartus_eda --functional=on --simulation=on --tool=modelsim_oem --format=verilog contador_divfreq -c contador_divfreq
quartus_eda --gen_testbench --check_outputs=on --tool=modelsim_oem --format=verilog contador_divfreq -c contador_divfreq --vector_source=C:/Users/grcm/Documents/GitHub/maquinadelavar/1.4_ligadesliga/divfreq.vwf --testbench_file=./simulation/qsim/contador_divfreq.vt
quartus_eda --functional=on --simulation=on --tool=modelsim_oem --format=verilog contador_divfreq -c contador_divfreq
quartus_eda --gen_testbench --check_outputs=on --tool=modelsim_oem --format=verilog contador_divfreq -c contador_divfreq --vector_source=C:/Users/grcm/Documents/GitHub/maquinadelavar/1.4_ligadesliga/divfreq.vwf --testbench_file=./simulation/qsim/contador_divfreq.vt
quartus_eda --functional=on --simulation=on --tool=modelsim_oem --format=verilog contador_divfreq -c contador_divfreq
quartus_eda --gen_testbench --check_outputs=on --tool=modelsim_oem --format=verilog contador_divfreq -c contador_divfreq --vector_source=C:/Users/grcm/Documents/GitHub/maquinadelavar/1.4_ligadesliga/divfreq.vwf --testbench_file=./simulation/qsim/contador_divfreq.vt
quartus_eda --functional=on --simulation=on --tool=modelsim_oem --format=verilog contador_divfreq -c contador_divfreq
quartus_eda --gen_testbench --check_outputs=on --tool=modelsim_oem --format=verilog contador_divfreq -c contador_divfreq --vector_source=C:/Users/grcm/Documents/GitHub/maquinadelavar/1.4_ligadesliga/divfreq.vwf --testbench_file=./simulation/qsim/contador_divfreq.vt
quartus_eda --functional=on --simulation=on --tool=modelsim_oem --format=verilog contador_divfreq -c contador_divfreq
quartus_eda --gen_testbench --check_outputs=on --tool=modelsim_oem --format=verilog contador_divfreq -c contador_divfreq --vector_source=C:/Users/grcm/Documents/GitHub/maquinadelavar/1.4_ligadesliga/divfreq.vwf --testbench_file=./simulation/qsim/contador_divfreq.vt
quartus_eda --functional=on --simulation=on --tool=modelsim_oem --format=verilog contador_divfreq -c contador_divfreq
quartus_eda --gen_testbench --check_outputs=on --tool=modelsim_oem --format=verilog contador_divfreq -c contador_divfreq --vector_source=C:/Users/grcm/Documents/GitHub/maquinadelavar/1.4_ligadesliga/divfreq.vwf --testbench_file=./simulation/qsim/contador_divfreq.vt
quartus_eda --functional=on --simulation=on --tool=modelsim_oem --format=verilog contador_divfreq -c contador_divfreq
quartus_eda --gen_testbench --check_outputs=on --tool=modelsim_oem --format=verilog contador_divfreq -c contador_divfreq --vector_source=C:/Users/grcm/Documents/GitHub/maquinadelavar/1.4_ligadesliga/divfreq.vwf --testbench_file=./simulation/qsim/contador_divfreq.vt
quartus_eda --functional=on --simulation=on --tool=modelsim_oem --format=verilog contador_divfreq -c contador_divfreq
=======
quartus_eda --gen_testbench --check_outputs=on --tool=modelsim_oem --format=verilog contador_divfreq -c contador_divfreq --vector_source=D:/guilherme/GitHub/maquinadelavar/1.4_ligadesliga/contador_divfreq.vwf --testbench_file=D:/guilherme/GitHub/maquinadelavar/1.4_ligadesliga/simulation/qsim/contador_divfreq.vwf.vt
quartus_eda --gen_testbench --check_outputs=on --tool=modelsim_oem --format=verilog contador_divfreq -c contador_divfreq --vector_source=D:/guilherme/GitHub/maquinadelavar/1.4_ligadesliga/contador_divfreq.vwf --testbench_file=D:/guilherme/GitHub/maquinadelavar/1.4_ligadesliga/simulation/qsim/contador_divfreq.vwf.vt
quartus_eda --functional=on --flatten_buses=off --simulation=on --tool=modelsim_oem --format=verilog --output_directory=D:/guilherme/GitHub/maquinadelavar/1.4_ligadesliga/simulation/qsim/ contador_divfreq -c contador_divfreq
>>>>>>> c9d39e56ec6b5776ff24e7033595ff2e732add2a



