Flow report for debounce
Tue Apr 10 21:59:45 2018
Quartus II 64-Bit Version 13.1.0 Build 162 10/23/2013 SJ Web Edition


---------------------
; Table of Contents ;
---------------------
  1. Legal Notice
  2. Flow Summary
  3. Flow Settings
  4. Flow Non-Default Global Settings
  5. Flow Elapsed Time
  6. Flow OS Summary
  7. Flow Log
  8. Flow Messages
  9. Flow Suppressed Messages



----------------
; Legal Notice ;
----------------
Copyright (C) 1991-2013 Altera Corporation
Your use of Altera Corporation's design tools, logic functions 
and other software and tools, and its AMPP partner logic 
functions, and any output files from any of the foregoing 
(including device programming or simulation files), and any 
associated documentation or information are expressly subject 
to the terms and conditions of the Altera Program License 
Subscription Agreement, Altera MegaCore Function License 
Agreement, or other applicable license agreement, including, 
without limitation, that your use is for the sole purpose of 
programming logic devices manufactured by Altera and sold by 
Altera or its authorized distributors.  Please refer to the 
applicable agreement for further details.



+---------------------------------------------------------------------------------+
; Flow Summary                                                                    ;
+------------------------------------+--------------------------------------------+
; Flow Status                        ; Successful - Tue Apr 10 21:59:45 2018      ;
; Quartus II 64-Bit Version          ; 13.1.0 Build 162 10/23/2013 SJ Web Edition ;
; Revision Name                      ; debounce                                   ;
; Top-level Entity Name              ; debounce                                   ;
; Family                             ; Cyclone IV GX                              ;
; Total logic elements               ; 44 / 14,400 ( < 1 % )                      ;
;     Total combinational functions  ; 43 / 14,400 ( < 1 % )                      ;
;     Dedicated logic registers      ; 23 / 14,400 ( < 1 % )                      ;
; Total registers                    ; 23                                         ;
; Total pins                         ; 3 / 81 ( 4 % )                             ;
; Total virtual pins                 ; 0                                          ;
; Total memory bits                  ; 0 / 552,960 ( 0 % )                        ;
; Embedded Multiplier 9-bit elements ; 0                                          ;
; Total GXB Receiver Channel PCS     ; 0 / 2 ( 0 % )                              ;
; Total GXB Receiver Channel PMA     ; 0 / 2 ( 0 % )                              ;
; Total GXB Transmitter Channel PCS  ; 0 / 2 ( 0 % )                              ;
; Total GXB Transmitter Channel PMA  ; 0 / 2 ( 0 % )                              ;
; Total PLLs                         ; 0 / 3 ( 0 % )                              ;
; Device                             ; EP4CGX15BF14C6                             ;
; Timing Models                      ; Final                                      ;
+------------------------------------+--------------------------------------------+


+-----------------------------------------+
; Flow Settings                           ;
+-------------------+---------------------+
; Option            ; Setting             ;
+-------------------+---------------------+
; Start date & time ; 04/10/2018 21:58:05 ;
; Main task         ; Compilation         ;
; Revision Name     ; debounce            ;
+-------------------+---------------------+


+----------------------------------------------------------------------------------------------------------------------------------------------------------+
; Flow Non-Default Global Settings                                                                                                                         ;
+-------------------------------------+---------------------------------------------------------------------+---------------+-------------+----------------+
; Assignment Name                     ; Value                                                               ; Default Value ; Entity Name ; Section Id     ;
+-------------------------------------+---------------------------------------------------------------------+---------------+-------------+----------------+
; COMPILER_SIGNATURE_ID               ; 104220930011948.152341188504716                                     ; --            ; --          ; --             ;
; EDA_GENERATE_FUNCTIONAL_NETLIST     ; On                                                                  ; --            ; --          ; eda_simulation ;
; EDA_NETLIST_WRITER_OUTPUT_DIR       ; D:/guilherme/GitHub/maquinadelavar/1.4_ligadesliga/simulation/qsim/ ; --            ; --          ; eda_simulation ;
; EDA_OUTPUT_DATA_FORMAT              ; Verilog Hdl                                                         ; --            ; --          ; eda_simulation ;
; EDA_SIMULATION_TOOL                 ; ModelSim-Altera (Verilog)                                           ; <None>        ; --          ; --             ;
; PARTITION_COLOR                     ; 16764057                                                            ; --            ; --          ; Top            ;
; PARTITION_FITTER_PRESERVATION_LEVEL ; PLACEMENT_AND_ROUTING                                               ; --            ; --          ; Top            ;
; PARTITION_NETLIST_TYPE              ; SOURCE                                                              ; --            ; --          ; Top            ;
; PROJECT_OUTPUT_DIRECTORY            ; output_files                                                        ; --            ; --          ; --             ;
+-------------------------------------+---------------------------------------------------------------------+---------------+-------------+----------------+


+-------------------------------------------------------------------------------------------------------------------------------+
; Flow Elapsed Time                                                                                                             ;
+---------------------------+--------------+-------------------------+---------------------+------------------------------------+
; Module Name               ; Elapsed Time ; Average Processors Used ; Peak Virtual Memory ; Total CPU Time (on all processors) ;
+---------------------------+--------------+-------------------------+---------------------+------------------------------------+
; Analysis & Synthesis      ; 00:00:06     ; 1.0                     ; 569 MB              ; 00:00:06                           ;
; Fitter                    ; 00:00:19     ; 1.0                     ; 816 MB              ; 00:00:19                           ;
; Assembler                 ; 00:00:02     ; 1.0                     ; 501 MB              ; 00:00:03                           ;
; TimeQuest Timing Analyzer ; 00:00:04     ; 1.0                     ; 485 MB              ; 00:00:04                           ;
; EDA Netlist Writer        ; 00:00:02     ; 1.0                     ; 446 MB              ; 00:00:01                           ;
; EDA Netlist Writer        ; 00:00:01     ; 1.0                     ; 458 MB              ; 00:00:01                           ;
; EDA Netlist Writer        ; 00:00:02     ; 1.0                     ; 458 MB              ; 00:00:02                           ;
; EDA Netlist Writer        ; 00:00:01     ; 1.0                     ; 458 MB              ; 00:00:01                           ;
; EDA Netlist Writer        ; 00:00:01     ; 1.0                     ; 458 MB              ; 00:00:01                           ;
; Total                     ; 00:00:38     ; --                      ; --                  ; 00:00:38                           ;
+---------------------------+--------------+-------------------------+---------------------+------------------------------------+


+----------------------------------------------------------------------------------------+
; Flow OS Summary                                                                        ;
+---------------------------+------------------+-----------+------------+----------------+
; Module Name               ; Machine Hostname ; OS Name   ; OS Version ; Processor type ;
+---------------------------+------------------+-----------+------------+----------------+
; Analysis & Synthesis      ; Guilherme        ; Windows 7 ; 6.2        ; x86_64         ;
; Fitter                    ; Guilherme        ; Windows 7 ; 6.2        ; x86_64         ;
; Assembler                 ; Guilherme        ; Windows 7 ; 6.2        ; x86_64         ;
; TimeQuest Timing Analyzer ; Guilherme        ; Windows 7 ; 6.2        ; x86_64         ;
; EDA Netlist Writer        ; Guilherme        ; Windows 7 ; 6.2        ; x86_64         ;
; EDA Netlist Writer        ; Guilherme        ; Windows 7 ; 6.2        ; x86_64         ;
; EDA Netlist Writer        ; Guilherme        ; Windows 7 ; 6.2        ; x86_64         ;
; EDA Netlist Writer        ; Guilherme        ; Windows 7 ; 6.2        ; x86_64         ;
; EDA Netlist Writer        ; Guilherme        ; Windows 7 ; 6.2        ; x86_64         ;
+---------------------------+------------------+-----------+------------+----------------+


------------
; Flow Log ;
------------
quartus_map --read_settings_files=on --write_settings_files=off debounce -c debounce
quartus_fit --read_settings_files=off --write_settings_files=off debounce -c debounce
quartus_asm --read_settings_files=off --write_settings_files=off debounce -c debounce
quartus_sta debounce -c debounce
quartus_eda --read_settings_files=off --write_settings_files=off debounce -c debounce
quartus_eda --gen_testbench --check_outputs=on --tool=modelsim_oem --format=verilog debounce -c debounce --vector_source=D:/guilherme/GitHub/maquinadelavar/1.4_ligadesliga/debounce.vwf --testbench_file=D:/guilherme/GitHub/maquinadelavar/1.4_ligadesliga/simulation/qsim/debounce.vwf.vt
quartus_eda --functional=on --flatten_buses=off --simulation=on --tool=modelsim_oem --format=verilog --output_directory=D:/guilherme/GitHub/maquinadelavar/1.4_ligadesliga/simulation/qsim/ debounce -c debounce
quartus_eda --gen_testbench --check_outputs=on --tool=modelsim_oem --format=verilog debounce -c debounce --vector_source=D:/guilherme/GitHub/maquinadelavar/1.4_ligadesliga/debounce.vwf --testbench_file=D:/guilherme/GitHub/maquinadelavar/1.4_ligadesliga/simulation/qsim/debounce.vwf.vt
quartus_eda --functional=on --flatten_buses=off --simulation=on --tool=modelsim_oem --format=verilog --output_directory=D:/guilherme/GitHub/maquinadelavar/1.4_ligadesliga/simulation/qsim/ debounce -c debounce



